<?xml version="1.0" encoding="UTF-8"?>
<testsuite name="Academy Choucair" tests="1" skipped="0" failures="0" errors="0" timestamp="2021-03-18T03:41:59" hostname="DESKTOP-CURJO95" time="20.881">
  <properties/>
  <testcase name="Search for automation course" classname="Academy Choucair" time="20.881"/>
  <system-out><![CDATA[]]></system-out>
  <system-err><![CDATA[[Test worker] WARN net.thucydides.core.steps.BaseStepListener - stepStarted: net.thucydides.core.steps.ExecutedStepDescription@746d4f5e
[Test worker] WARN net.thucydides.core.steps.BaseStepListener - stepStarted: net.thucydides.core.steps.ExecutedStepDescription@4753c0e0
[Test worker] WARN net.thucydides.core.steps.BaseStepListener - stepStarted: net.thucydides.core.steps.ExecutedStepDescription@713d1683
mar 17, 2021 10:42:00 PM org.openqa.selenium.remote.DesiredCapabilities chrome
INFORMACIÓN: Using `new ChromeOptions()` is preferred to `DesiredCapabilities.chrome()`
[Test worker] INFO net.serenitybdd.core.webdriver.driverproviders.ProvideNewDriver - Instantiating driver
[Test worker] INFO net.serenitybdd.core.webdriver.driverproviders.ProvideNewDriver - Driver capabilities: Capabilities {acceptInsecureCerts: false, browserName: chrome, chrome.switches: --start-maximized;--test-ty..., goog:chromeOptions: {args: [--start-maximized, --test-type, --no-sandbox, --ignore-certificate-errors..., --disable-popup-blocking, --disable-default-apps, --disable-extensions-file-a..., --incognito, --disable-infobars, --disable-gpu], extensions: []}, loggingPrefs: org.openqa.selenium.logging..., platform: ANY, version: }
Starting ChromeDriver 88.0.4324.96 (68dba2d8a0b149a1d3afac56fa74648032bcf46b-refs/branch-heads/4324@{#1784}) on port 25207
Only local connections are allowed.
Please see https://chromedriver.chromium.org/security-considerations for suggestions on keeping ChromeDriver safe.
ChromeDriver was started successfully.
[1616038923.786][WARNING]: This version of ChromeDriver has not been tested with Chrome version 89.
mar 17, 2021 10:42:03 PM org.openqa.selenium.remote.ProtocolHandshake createSession
INFORMACIÓN: Detected dialect: W3C
[Test worker] WARN net.thucydides.core.steps.BaseStepListener - stepFinished: current outcome:Search for automation course:Given than brandons wants to learns automation at the academy choucair [Brandon open up [Brandon opens the Choucair academy page]]
[Test worker] WARN net.thucydides.core.steps.BaseStepListener - stepFinished: current outcome:Search for automation course:Given than brandons wants to learns automation at the academy choucair [Brandon open up [Brandon opens the Choucair academy page]]
[Test worker] WARN net.thucydides.core.steps.BaseStepListener - stepStarted: net.thucydides.core.steps.ExecutedStepDescription@43c95118
[Test worker] WARN net.thucydides.core.steps.BaseStepListener - stepStarted: net.thucydides.core.steps.ExecutedStepDescription@3c62ebef
[Test worker] WARN net.thucydides.core.steps.BaseStepListener - stepFinished: current outcome:Search for automation course:Given than brandons wants to learns automation at the academy choucair [Brandon open up [Brandon opens the Choucair academy page], Brandon login [Brandon clicks on Boton que muestra el formulario del login]]
[Test worker] WARN net.thucydides.core.steps.BaseStepListener - stepStarted: net.thucydides.core.steps.ExecutedStepDescription@10bb4b77
[Test worker] WARN net.thucydides.core.steps.BaseStepListener - stepFinished: current outcome:Search for automation course:Given than brandons wants to learns automation at the academy choucair [Brandon open up [Brandon opens the Choucair academy page], Brandon login [Brandon clicks on Boton que muestra el formulario del login, Brandon enters '1006206400' into Donde escribimos el usuario]]
[Test worker] WARN net.thucydides.core.steps.BaseStepListener - stepStarted: net.thucydides.core.steps.ExecutedStepDescription@735ba7ee
[Test worker] WARN net.thucydides.core.steps.BaseStepListener - stepFinished: current outcome:Search for automation course:Given than brandons wants to learns automation at the academy choucair [Brandon open up [Brandon opens the Choucair academy page], Brandon login [Brandon clicks on Boton que muestra el formulario del login, Brandon enters '1006206400' into Donde escribimos el usuario, Brandon enters 'Choucair2021*' into Donde escribimos la contraseÃ±a]]
[Test worker] WARN net.thucydides.core.steps.BaseStepListener - stepStarted: net.thucydides.core.steps.ExecutedStepDescription@4ec39e9e
[Test worker] WARN net.thucydides.core.steps.BaseStepListener - stepFinished: current outcome:Search for automation course:Given than brandons wants to learns automation at the academy choucair [Brandon open up [Brandon opens the Choucair academy page], Brandon login [Brandon clicks on Boton que muestra el formulario del login, Brandon enters '1006206400' into Donde escribimos el usuario, Brandon enters 'Choucair2021*' into Donde escribimos la contraseÃ±a, Brandon clicks on Boton donde confirmamos el login ]]
[Test worker] WARN net.thucydides.core.steps.BaseStepListener - stepFinished: current outcome:Search for automation course:Given than brandons wants to learns automation at the academy choucair [Brandon open up [Brandon opens the Choucair academy page], Brandon login [Brandon clicks on Boton que muestra el formulario del login, Brandon enters '1006206400' into Donde escribimos el usuario, Brandon enters 'Choucair2021*' into Donde escribimos la contraseÃ±a, Brandon clicks on Boton donde confirmamos el login ]]
[Test worker] WARN net.thucydides.core.steps.BaseStepListener - stepFinished: current outcome:Search for automation course:Given than brandons wants to learns automation at the academy choucair [Brandon open up [Brandon opens the Choucair academy page], Brandon login [Brandon clicks on Boton que muestra el formulario del login, Brandon enters '1006206400' into Donde escribimos el usuario, Brandon enters 'Choucair2021*' into Donde escribimos la contraseÃ±a, Brandon clicks on Boton donde confirmamos el login ]]
[Test worker] WARN net.thucydides.core.steps.BaseStepListener - stepStarted: net.thucydides.core.steps.ExecutedStepDescription@49199457
[Test worker] WARN net.thucydides.core.steps.BaseStepListener - stepFinished: current outcome:Search for automation course:Given than brandons wants to learns automation at the academy choucair [Brandon open up [Brandon opens the Choucair academy page], Brandon login [Brandon clicks on Boton que muestra el formulario del login, Brandon enters '1006206400' into Donde escribimos el usuario, Brandon enters 'Choucair2021*' into Donde escribimos la contraseÃ±a, Brandon clicks on Boton donde confirmamos el login ]], When he search
[Test worker] WARN net.thucydides.core.steps.BaseStepListener - stepStarted: net.thucydides.core.steps.ExecutedStepDescription@243f5860
[Test worker] WARN net.thucydides.core.steps.BaseStepListener - stepFinished: current outcome:Search for automation course:Given than brandons wants to learns automation at the academy choucair [Brandon open up [Brandon opens the Choucair academy page], Brandon login [Brandon clicks on Boton que muestra el formulario del login, Brandon enters '1006206400' into Donde escribimos el usuario, Brandon enters 'Choucair2021*' into Donde escribimos la contraseÃ±a, Brandon clicks on Boton donde confirmamos el login ]], When he search, Then he finds
[Test worker] WARN net.thucydides.core.steps.BaseStepListener - testFinished: Search for automation course:Given than brandons wants to learns automation at the academy choucair [Brandon open up [Brandon opens the Choucair academy page], Brandon login [Brandon clicks on Boton que muestra el formulario del login, Brandon enters '1006206400' into Donde escribimos el usuario, Brandon enters 'Choucair2021*' into Donde escribimos la contraseÃ±a, Brandon clicks on Boton donde confirmamos el login ]], When he search, Then he finds
[Test worker] WARN net.thucydides.core.steps.BaseStepListener - TestOutcomes: [Search for automation course:Given than brandons wants to learns automation at the academy choucair [Brandon open up [Brandon opens the Choucair academy page], Brandon login [Brandon clicks on Boton que muestra el formulario del login, Brandon enters '1006206400' into Donde escribimos el usuario, Brandon enters 'Choucair2021*' into Donde escribimos la contraseÃ±a, Brandon clicks on Boton donde confirmamos el login ]], When he search, Then he finds]
[Test worker] WARN net.thucydides.core.steps.BaseStepListener - Final testOutcomes: [Search for automation course:Given than brandons wants to learns automation at the academy choucair [Brandon open up [Brandon opens the Choucair academy page], Brandon login [Brandon clicks on Boton que muestra el formulario del login, Brandon enters '1006206400' into Donde escribimos el usuario, Brandon enters 'Choucair2021*' into Donde escribimos la contraseÃ±a, Brandon clicks on Boton donde confirmamos el login ]], When he search, Then he finds]
[Test worker] INFO net.thucydides.core.steps.ConsoleLoggingListener - 
        __    _____ _____ ____ _____   ____   _    ____  ____  _____ ____  
  _     \ \  |_   _| ____/ ___|_   _| |  _ \ / \  / ___|/ ___|| ____|  _ \ 
 (_)_____| |   | | |  _| \___ \ | |   | |_) / _ \ \___ \\___ \|  _| | | | |
  _|_____| |   | | | |___ ___) || |   |  __/ ___ \ ___) |___) | |___| |_| |
 (_)     | |   |_| |_____|____/ |_|   |_| /_/   \_\____/|____/|_____|____/ 
        /_/                                                                

TEST PASSED: Search for automation course
----------------------------------------------------------------------------
]]></system-err>
</testsuite>
