<?xml version="1.0" encoding="UTF-8"?>
<testsuite name="Academy Choucair" tests="1" skipped="0" failures="0" errors="0" timestamp="2021-03-18T22:52:48" hostname="DESKTOP-CURJO95" time="31.494">
  <properties/>
  <testcase name="Search for automation course" classname="Academy Choucair" time="31.494"/>
  <system-out><![CDATA[]]></system-out>
  <system-err><![CDATA[[Test worker] WARN net.thucydides.core.steps.BaseStepListener - stepStarted: net.thucydides.core.steps.ExecutedStepDescription@57d98ab0
[Test worker] WARN net.thucydides.core.steps.BaseStepListener - stepStarted: net.thucydides.core.steps.ExecutedStepDescription@2d4ba35
[Test worker] WARN net.thucydides.core.steps.BaseStepListener - stepStarted: net.thucydides.core.steps.ExecutedStepDescription@66f60c72
mar 18, 2021 5:52:48 PM org.openqa.selenium.remote.DesiredCapabilities chrome
INFORMACIÓN: Using `new ChromeOptions()` is preferred to `DesiredCapabilities.chrome()`
[Test worker] INFO net.serenitybdd.core.webdriver.driverproviders.ProvideNewDriver - Instantiating driver
[Test worker] INFO net.serenitybdd.core.webdriver.driverproviders.ProvideNewDriver - Driver capabilities: Capabilities {acceptInsecureCerts: false, browserName: chrome, chrome.switches: --start-maximized;--test-ty..., goog:chromeOptions: {args: [--start-maximized, --test-type, --no-sandbox, --ignore-certificate-errors..., --disable-popup-blocking, --disable-default-apps, --disable-extensions-file-a..., --incognito, --disable-infobars, --disable-gpu], extensions: []}, loggingPrefs: org.openqa.selenium.logging..., platform: ANY, version: }
Starting ChromeDriver 88.0.4324.96 (68dba2d8a0b149a1d3afac56fa74648032bcf46b-refs/branch-heads/4324@{#1784}) on port 13733
Only local connections are allowed.
Please see https://chromedriver.chromium.org/security-considerations for suggestions on keeping ChromeDriver safe.
ChromeDriver was started successfully.
[1616107971.813][WARNING]: This version of ChromeDriver has not been tested with Chrome version 89.
mar 18, 2021 5:52:51 PM org.openqa.selenium.remote.ProtocolHandshake createSession
INFORMACIÓN: Detected dialect: W3C
[Test worker] WARN net.thucydides.core.steps.BaseStepListener - stepFinished: current outcome:Search for automation course:Example: {strUser=1006206400, strPassword=Choucair2021*, strCourse=Foundation Express} [Given than brandons wants to learns automation at the academy choucair
| strUser | strPassword |
| 1006206400 | Choucair2021* | [Brandon open up [Brandon opens the Choucair academy page]]]
[Test worker] WARN net.thucydides.core.steps.BaseStepListener - stepFinished: current outcome:Search for automation course:Example: {strUser=1006206400, strPassword=Choucair2021*, strCourse=Foundation Express} [Given than brandons wants to learns automation at the academy choucair
| strUser | strPassword |
| 1006206400 | Choucair2021* | [Brandon open up [Brandon opens the Choucair academy page]]]
[Test worker] WARN net.thucydides.core.steps.BaseStepListener - stepStarted: net.thucydides.core.steps.ExecutedStepDescription@45d5fbe9
[Test worker] WARN net.thucydides.core.steps.BaseStepListener - stepStarted: net.thucydides.core.steps.ExecutedStepDescription@37e2f750
[Test worker] WARN net.thucydides.core.steps.BaseStepListener - stepFinished: current outcome:Search for automation course:Example: {strUser=1006206400, strPassword=Choucair2021*, strCourse=Foundation Express} [Given than brandons wants to learns automation at the academy choucair
| strUser | strPassword |
| 1006206400 | Choucair2021* | [Brandon open up [Brandon opens the Choucair academy page], Brandon login [Brandon clicks on Boton que muestra el formulario del login]]]
[Test worker] WARN net.thucydides.core.steps.BaseStepListener - stepStarted: net.thucydides.core.steps.ExecutedStepDescription@502b636e
[Test worker] WARN net.thucydides.core.steps.BaseStepListener - stepFinished: current outcome:Search for automation course:Example: {strUser=1006206400, strPassword=Choucair2021*, strCourse=Foundation Express} [Given than brandons wants to learns automation at the academy choucair
| strUser | strPassword |
| 1006206400 | Choucair2021* | [Brandon open up [Brandon opens the Choucair academy page], Brandon login [Brandon clicks on Boton que muestra el formulario del login, Brandon enters '1006206400' into Donde escribimos el usuario]]]
[Test worker] WARN net.thucydides.core.steps.BaseStepListener - stepStarted: net.thucydides.core.steps.ExecutedStepDescription@7f604ec3
[Test worker] WARN net.thucydides.core.steps.BaseStepListener - stepFinished: current outcome:Search for automation course:Example: {strUser=1006206400, strPassword=Choucair2021*, strCourse=Foundation Express} [Given than brandons wants to learns automation at the academy choucair
| strUser | strPassword |
| 1006206400 | Choucair2021* | [Brandon open up [Brandon opens the Choucair academy page], Brandon login [Brandon clicks on Boton que muestra el formulario del login, Brandon enters '1006206400' into Donde escribimos el usuario, Brandon enters 'Choucair2021*' into Donde escribimos la contraseÃ±a]]]
[Test worker] WARN net.thucydides.core.steps.BaseStepListener - stepStarted: net.thucydides.core.steps.ExecutedStepDescription@39f41b52
[Test worker] WARN net.thucydides.core.steps.BaseStepListener - stepFinished: current outcome:Search for automation course:Example: {strUser=1006206400, strPassword=Choucair2021*, strCourse=Foundation Express} [Given than brandons wants to learns automation at the academy choucair
| strUser | strPassword |
| 1006206400 | Choucair2021* | [Brandon open up [Brandon opens the Choucair academy page], Brandon login [Brandon clicks on Boton que muestra el formulario del login, Brandon enters '1006206400' into Donde escribimos el usuario, Brandon enters 'Choucair2021*' into Donde escribimos la contraseÃ±a, Brandon clicks on Boton donde confirmamos el login ]]]
[Test worker] WARN net.thucydides.core.steps.BaseStepListener - stepFinished: current outcome:Search for automation course:Example: {strUser=1006206400, strPassword=Choucair2021*, strCourse=Foundation Express} [Given than brandons wants to learns automation at the academy choucair
| strUser | strPassword |
| 1006206400 | Choucair2021* | [Brandon open up [Brandon opens the Choucair academy page], Brandon login [Brandon clicks on Boton que muestra el formulario del login, Brandon enters '1006206400' into Donde escribimos el usuario, Brandon enters 'Choucair2021*' into Donde escribimos la contraseÃ±a, Brandon clicks on Boton donde confirmamos el login ]]]
[Test worker] WARN net.thucydides.core.steps.BaseStepListener - stepFinished: current outcome:Search for automation course:Example: {strUser=1006206400, strPassword=Choucair2021*, strCourse=Foundation Express} [Given than brandons wants to learns automation at the academy choucair
| strUser | strPassword |
| 1006206400 | Choucair2021* | [Brandon open up [Brandon opens the Choucair academy page], Brandon login [Brandon clicks on Boton que muestra el formulario del login, Brandon enters '1006206400' into Donde escribimos el usuario, Brandon enters 'Choucair2021*' into Donde escribimos la contraseÃ±a, Brandon clicks on Boton donde confirmamos el login ]]]
[Test worker] WARN net.thucydides.core.steps.BaseStepListener - stepStarted: net.thucydides.core.steps.ExecutedStepDescription@2bfc8d40
[Test worker] WARN net.thucydides.core.steps.BaseStepListener - stepStarted: net.thucydides.core.steps.ExecutedStepDescription@5b204b7d
[Test worker] WARN net.thucydides.core.steps.BaseStepListener - stepStarted: net.thucydides.core.steps.ExecutedStepDescription@6285a368
[Test worker] WARN net.thucydides.core.steps.BaseStepListener - stepFinished: current outcome:Search for automation course:Example: {strUser=1006206400, strPassword=Choucair2021*, strCourse=Foundation Express} [Given than brandons wants to learns automation at the academy choucair
| strUser | strPassword |
| 1006206400 | Choucair2021* | [Brandon open up [Brandon opens the Choucair academy page], Brandon login [Brandon clicks on Boton que muestra el formulario del login, Brandon enters '1006206400' into Donde escribimos el usuario, Brandon enters 'Choucair2021*' into Donde escribimos la contraseÃ±a, Brandon clicks on Boton donde confirmamos el login ]], When he search for the course on the choucair academy plataform
| strCourse |
| Foundation Express | [Brandon search [Brandon clicks on Selecciona la universidad choucair]]]
[Test worker] WARN net.thucydides.core.steps.BaseStepListener - stepStarted: net.thucydides.core.steps.ExecutedStepDescription@500bf0a3
[Test worker] WARN net.thucydides.core.steps.BaseStepListener - stepFinished: current outcome:Search for automation course:Example: {strUser=1006206400, strPassword=Choucair2021*, strCourse=Foundation Express} [Given than brandons wants to learns automation at the academy choucair
| strUser | strPassword |
| 1006206400 | Choucair2021* | [Brandon open up [Brandon opens the Choucair academy page], Brandon login [Brandon clicks on Boton que muestra el formulario del login, Brandon enters '1006206400' into Donde escribimos el usuario, Brandon enters 'Choucair2021*' into Donde escribimos la contraseÃ±a, Brandon clicks on Boton donde confirmamos el login ]], When he search for the course on the choucair academy plataform
| strCourse |
| Foundation Express | [Brandon search [Brandon clicks on Selecciona la universidad choucair, Brandon enters 'Foundation Express' into Buscar curso]]]
[Test worker] WARN net.thucydides.core.steps.BaseStepListener - stepStarted: net.thucydides.core.steps.ExecutedStepDescription@675cc633
[Test worker] WARN net.thucydides.core.steps.BaseStepListener - stepFinished: current outcome:Search for automation course:Example: {strUser=1006206400, strPassword=Choucair2021*, strCourse=Foundation Express} [Given than brandons wants to learns automation at the academy choucair
| strUser | strPassword |
| 1006206400 | Choucair2021* | [Brandon open up [Brandon opens the Choucair academy page], Brandon login [Brandon clicks on Boton que muestra el formulario del login, Brandon enters '1006206400' into Donde escribimos el usuario, Brandon enters 'Choucair2021*' into Donde escribimos la contraseÃ±a, Brandon clicks on Boton donde confirmamos el login ]], When he search for the course on the choucair academy plataform
| strCourse |
| Foundation Express | [Brandon search [Brandon clicks on Selecciona la universidad choucair, Brandon enters 'Foundation Express' into Buscar curso, Brandon clicks on Click para buscar el curso]]]
[Test worker] WARN net.thucydides.core.steps.BaseStepListener - stepStarted: net.thucydides.core.steps.ExecutedStepDescription@2eaeb14d
[Test worker] WARN net.thucydides.core.steps.BaseStepListener - stepFinished: current outcome:Search for automation course:Example: {strUser=1006206400, strPassword=Choucair2021*, strCourse=Foundation Express} [Given than brandons wants to learns automation at the academy choucair
| strUser | strPassword |
| 1006206400 | Choucair2021* | [Brandon open up [Brandon opens the Choucair academy page], Brandon login [Brandon clicks on Boton que muestra el formulario del login, Brandon enters '1006206400' into Donde escribimos el usuario, Brandon enters 'Choucair2021*' into Donde escribimos la contraseÃ±a, Brandon clicks on Boton donde confirmamos el login ]], When he search for the course on the choucair academy plataform
| strCourse |
| Foundation Express | [Brandon search [Brandon clicks on Selecciona la universidad choucair, Brandon enters 'Foundation Express' into Buscar curso, Brandon clicks on Click para buscar el curso, Brandon clicks on Click en el curso]]]
[Test worker] WARN net.thucydides.core.steps.BaseStepListener - stepFinished: current outcome:Search for automation course:Example: {strUser=1006206400, strPassword=Choucair2021*, strCourse=Foundation Express} [Given than brandons wants to learns automation at the academy choucair
| strUser | strPassword |
| 1006206400 | Choucair2021* | [Brandon open up [Brandon opens the Choucair academy page], Brandon login [Brandon clicks on Boton que muestra el formulario del login, Brandon enters '1006206400' into Donde escribimos el usuario, Brandon enters 'Choucair2021*' into Donde escribimos la contraseÃ±a, Brandon clicks on Boton donde confirmamos el login ]], When he search for the course on the choucair academy plataform
| strCourse |
| Foundation Express | [Brandon search [Brandon clicks on Selecciona la universidad choucair, Brandon enters 'Foundation Express' into Buscar curso, Brandon clicks on Click para buscar el curso, Brandon clicks on Click en el curso]]]
[Test worker] WARN net.thucydides.core.steps.BaseStepListener - stepFinished: current outcome:Search for automation course:Example: {strUser=1006206400, strPassword=Choucair2021*, strCourse=Foundation Express} [Given than brandons wants to learns automation at the academy choucair
| strUser | strPassword |
| 1006206400 | Choucair2021* | [Brandon open up [Brandon opens the Choucair academy page], Brandon login [Brandon clicks on Boton que muestra el formulario del login, Brandon enters '1006206400' into Donde escribimos el usuario, Brandon enters 'Choucair2021*' into Donde escribimos la contraseÃ±a, Brandon clicks on Boton donde confirmamos el login ]], When he search for the course on the choucair academy plataform
| strCourse |
| Foundation Express | [Brandon search [Brandon clicks on Selecciona la universidad choucair, Brandon enters 'Foundation Express' into Buscar curso, Brandon clicks on Click para buscar el curso, Brandon clicks on Click en el curso]]]
[Test worker] WARN net.thucydides.core.steps.BaseStepListener - stepStarted: net.thucydides.core.steps.ExecutedStepDescription@5b3846a2
[Test worker] WARN net.thucydides.core.steps.BaseStepListener - stepStarted: net.thucydides.core.steps.ExecutedStepDescription@5c7ab0ba
[Test worker] WARN net.thucydides.core.steps.BaseStepListener - stepFinished: current outcome:Search for automation course:Example: {strUser=1006206400, strPassword=Choucair2021*, strCourse=Foundation Express} [Given than brandons wants to learns automation at the academy choucair
| strUser | strPassword |
| 1006206400 | Choucair2021* | [Brandon open up [Brandon opens the Choucair academy page], Brandon login [Brandon clicks on Boton que muestra el formulario del login, Brandon enters '1006206400' into Donde escribimos el usuario, Brandon enters 'Choucair2021*' into Donde escribimos la contraseÃ±a, Brandon clicks on Boton donde confirmamos el login ]], When he search for the course on the choucair academy plataform
| strCourse |
| Foundation Express | [Brandon search [Brandon clicks on Selecciona la universidad choucair, Brandon enters 'Foundation Express' into Buscar curso, Brandon clicks on Click para buscar el curso, Brandon clicks on Click en el curso]], Then he finds the course called resources
| strCourse |
| Foundation Express | [Then answer]]
[Test worker] WARN net.thucydides.core.steps.BaseStepListener - stepFinished: current outcome:Search for automation course:Example: {strUser=1006206400, strPassword=Choucair2021*, strCourse=Foundation Express} [Given than brandons wants to learns automation at the academy choucair
| strUser | strPassword |
| 1006206400 | Choucair2021* | [Brandon open up [Brandon opens the Choucair academy page], Brandon login [Brandon clicks on Boton que muestra el formulario del login, Brandon enters '1006206400' into Donde escribimos el usuario, Brandon enters 'Choucair2021*' into Donde escribimos la contraseÃ±a, Brandon clicks on Boton donde confirmamos el login ]], When he search for the course on the choucair academy plataform
| strCourse |
| Foundation Express | [Brandon search [Brandon clicks on Selecciona la universidad choucair, Brandon enters 'Foundation Express' into Buscar curso, Brandon clicks on Click para buscar el curso, Brandon clicks on Click en el curso]], Then he finds the course called resources
| strCourse |
| Foundation Express | [Then answer]]
[Test worker] WARN net.thucydides.core.steps.BaseStepListener - stepFinished: current outcome:Search for automation course:Example: {strUser=1006206400, strPassword=Choucair2021*, strCourse=Foundation Express} [Given than brandons wants to learns automation at the academy choucair
| strUser | strPassword |
| 1006206400 | Choucair2021* | [Brandon open up [Brandon opens the Choucair academy page], Brandon login [Brandon clicks on Boton que muestra el formulario del login, Brandon enters '1006206400' into Donde escribimos el usuario, Brandon enters 'Choucair2021*' into Donde escribimos la contraseÃ±a, Brandon clicks on Boton donde confirmamos el login ]], When he search for the course on the choucair academy plataform
| strCourse |
| Foundation Express | [Brandon search [Brandon clicks on Selecciona la universidad choucair, Brandon enters 'Foundation Express' into Buscar curso, Brandon clicks on Click para buscar el curso, Brandon clicks on Click en el curso]], Then he finds the course called resources
| strCourse |
| Foundation Express | [Then answer]]
[Test worker] WARN net.thucydides.core.steps.BaseStepListener - testFinished: Search for automation course:Example: {strUser=1006206400, strPassword=Choucair2021*, strCourse=Foundation Express} [Given than brandons wants to learns automation at the academy choucair
| strUser | strPassword |
| 1006206400 | Choucair2021* | [Brandon open up [Brandon opens the Choucair academy page], Brandon login [Brandon clicks on Boton que muestra el formulario del login, Brandon enters '1006206400' into Donde escribimos el usuario, Brandon enters 'Choucair2021*' into Donde escribimos la contraseÃ±a, Brandon clicks on Boton donde confirmamos el login ]], When he search for the course on the choucair academy plataform
| strCourse |
| Foundation Express | [Brandon search [Brandon clicks on Selecciona la universidad choucair, Brandon enters 'Foundation Express' into Buscar curso, Brandon clicks on Click para buscar el curso, Brandon clicks on Click en el curso]], Then he finds the course called resources
| strCourse |
| Foundation Express | [Then answer]]
[Test worker] WARN net.thucydides.core.steps.BaseStepListener - TestOutcomes: [Search for automation course:Example: {strUser=1006206400, strPassword=Choucair2021*, strCourse=Foundation Express} [Given than brandons wants to learns automation at the academy choucair
| strUser | strPassword |
| 1006206400 | Choucair2021* | [Brandon open up [Brandon opens the Choucair academy page], Brandon login [Brandon clicks on Boton que muestra el formulario del login, Brandon enters '1006206400' into Donde escribimos el usuario, Brandon enters 'Choucair2021*' into Donde escribimos la contraseÃ±a, Brandon clicks on Boton donde confirmamos el login ]], When he search for the course on the choucair academy plataform
| strCourse |
| Foundation Express | [Brandon search [Brandon clicks on Selecciona la universidad choucair, Brandon enters 'Foundation Express' into Buscar curso, Brandon clicks on Click para buscar el curso, Brandon clicks on Click en el curso]], Then he finds the course called resources
| strCourse |
| Foundation Express | [Then answer]]]
[Test worker] WARN net.thucydides.core.steps.BaseStepListener - Final testOutcomes: [Search for automation course:Example: {strUser=1006206400, strPassword=Choucair2021*, strCourse=Foundation Express} [Given than brandons wants to learns automation at the academy choucair
| strUser | strPassword |
| 1006206400 | Choucair2021* | [Brandon open up [Brandon opens the Choucair academy page], Brandon login [Brandon clicks on Boton que muestra el formulario del login, Brandon enters '1006206400' into Donde escribimos el usuario, Brandon enters 'Choucair2021*' into Donde escribimos la contraseÃ±a, Brandon clicks on Boton donde confirmamos el login ]], When he search for the course on the choucair academy plataform
| strCourse |
| Foundation Express | [Brandon search [Brandon clicks on Selecciona la universidad choucair, Brandon enters 'Foundation Express' into Buscar curso, Brandon clicks on Click para buscar el curso, Brandon clicks on Click en el curso]], Then he finds the course called resources
| strCourse |
| Foundation Express | [Then answer]]]
[Test worker] INFO net.thucydides.core.steps.ConsoleLoggingListener - 
        __    _____ _____ ____ _____   ____   _    ____  ____  _____ ____  
  _     \ \  |_   _| ____/ ___|_   _| |  _ \ / \  / ___|/ ___|| ____|  _ \ 
 (_)_____| |   | | |  _| \___ \ | |   | |_) / _ \ \___ \\___ \|  _| | | | |
  _|_____| |   | | | |___ ___) || |   |  __/ ___ \ ___) |___) | |___| |_| |
 (_)     | |   |_| |_____|____/ |_|   |_| /_/   \_\____/|____/|_____|____/ 
        /_/                                                                

TEST PASSED: Search for automation course
----------------------------------------------------------------------------
]]></system-err>
</testsuite>
