<?xml version="1.0" encoding="UTF-8"?>
<testsuite name="Academy Choucair" tests="1" skipped="0" failures="0" errors="0" timestamp="2021-03-18T20:32:10" hostname="DESKTOP-CURJO95" time="41.432">
  <properties/>
  <testcase name="Search for automation course" classname="Academy Choucair" time="41.432"/>
  <system-out><![CDATA[]]></system-out>
  <system-err><![CDATA[[Test worker] WARN net.thucydides.core.steps.BaseStepListener - stepStarted: net.thucydides.core.steps.ExecutedStepDescription@b533488
[Test worker] WARN net.thucydides.core.steps.BaseStepListener - stepStarted: net.thucydides.core.steps.ExecutedStepDescription@680337a2
[Test worker] WARN net.thucydides.core.steps.BaseStepListener - stepStarted: net.thucydides.core.steps.ExecutedStepDescription@33bc7ada
mar 18, 2021 3:32:12 PM org.openqa.selenium.remote.DesiredCapabilities chrome
INFORMACIÓN: Using `new ChromeOptions()` is preferred to `DesiredCapabilities.chrome()`
[Test worker] INFO net.serenitybdd.core.webdriver.driverproviders.ProvideNewDriver - Instantiating driver
[Test worker] INFO net.serenitybdd.core.webdriver.driverproviders.ProvideNewDriver - Driver capabilities: Capabilities {acceptInsecureCerts: false, browserName: chrome, chrome.switches: --start-maximized;--test-ty..., goog:chromeOptions: {args: [--start-maximized, --test-type, --no-sandbox, --ignore-certificate-errors..., --disable-popup-blocking, --disable-default-apps, --disable-extensions-file-a..., --incognito, --disable-infobars, --disable-gpu], extensions: []}, loggingPrefs: org.openqa.selenium.logging..., platform: ANY, version: }
Starting ChromeDriver 88.0.4324.96 (68dba2d8a0b149a1d3afac56fa74648032bcf46b-refs/branch-heads/4324@{#1784}) on port 13186
Only local connections are allowed.
Please see https://chromedriver.chromium.org/security-considerations for suggestions on keeping ChromeDriver safe.
ChromeDriver was started successfully.
[1616099539.711][WARNING]: This version of ChromeDriver has not been tested with Chrome version 89.
mar 18, 2021 3:32:21 PM org.openqa.selenium.remote.ProtocolHandshake createSession
INFORMACIÓN: Detected dialect: W3C
[Test worker] WARN net.thucydides.core.steps.BaseStepListener - stepFinished: current outcome:Search for automation course:Given than brandons wants to learns automation at the academy choucair [Brandon open up [Brandon opens the Choucair academy page]]
[Test worker] WARN net.thucydides.core.steps.BaseStepListener - stepFinished: current outcome:Search for automation course:Given than brandons wants to learns automation at the academy choucair [Brandon open up [Brandon opens the Choucair academy page]]
[Test worker] WARN net.thucydides.core.steps.BaseStepListener - stepStarted: net.thucydides.core.steps.ExecutedStepDescription@5af3072b
[Test worker] WARN net.thucydides.core.steps.BaseStepListener - stepStarted: net.thucydides.core.steps.ExecutedStepDescription@6161928b
[Test worker] WARN net.thucydides.core.steps.BaseStepListener - stepFinished: current outcome:Search for automation course:Given than brandons wants to learns automation at the academy choucair [Brandon open up [Brandon opens the Choucair academy page], Brandon login [Brandon clicks on Boton que muestra el formulario del login]]
[Test worker] WARN net.thucydides.core.steps.BaseStepListener - stepStarted: net.thucydides.core.steps.ExecutedStepDescription@7ba32482
[Test worker] WARN net.thucydides.core.steps.BaseStepListener - stepFinished: current outcome:Search for automation course:Given than brandons wants to learns automation at the academy choucair [Brandon open up [Brandon opens the Choucair academy page], Brandon login [Brandon clicks on Boton que muestra el formulario del login, Brandon enters '1006206400' into Donde escribimos el usuario]]
[Test worker] WARN net.thucydides.core.steps.BaseStepListener - stepStarted: net.thucydides.core.steps.ExecutedStepDescription@19adb6af
[Test worker] WARN net.thucydides.core.steps.BaseStepListener - stepFinished: current outcome:Search for automation course:Given than brandons wants to learns automation at the academy choucair [Brandon open up [Brandon opens the Choucair academy page], Brandon login [Brandon clicks on Boton que muestra el formulario del login, Brandon enters '1006206400' into Donde escribimos el usuario, Brandon enters 'Choucair2021*' into Donde escribimos la contraseÃ±a]]
[Test worker] WARN net.thucydides.core.steps.BaseStepListener - stepStarted: net.thucydides.core.steps.ExecutedStepDescription@1ebee67b
[Test worker] WARN net.thucydides.core.steps.BaseStepListener - stepFinished: current outcome:Search for automation course:Given than brandons wants to learns automation at the academy choucair [Brandon open up [Brandon opens the Choucair academy page], Brandon login [Brandon clicks on Boton que muestra el formulario del login, Brandon enters '1006206400' into Donde escribimos el usuario, Brandon enters 'Choucair2021*' into Donde escribimos la contraseÃ±a, Brandon clicks on Boton donde confirmamos el login ]]
[Test worker] WARN net.thucydides.core.steps.BaseStepListener - stepFinished: current outcome:Search for automation course:Given than brandons wants to learns automation at the academy choucair [Brandon open up [Brandon opens the Choucair academy page], Brandon login [Brandon clicks on Boton que muestra el formulario del login, Brandon enters '1006206400' into Donde escribimos el usuario, Brandon enters 'Choucair2021*' into Donde escribimos la contraseÃ±a, Brandon clicks on Boton donde confirmamos el login ]]
[Test worker] WARN net.thucydides.core.steps.BaseStepListener - stepFinished: current outcome:Search for automation course:Given than brandons wants to learns automation at the academy choucair [Brandon open up [Brandon opens the Choucair academy page], Brandon login [Brandon clicks on Boton que muestra el formulario del login, Brandon enters '1006206400' into Donde escribimos el usuario, Brandon enters 'Choucair2021*' into Donde escribimos la contraseÃ±a, Brandon clicks on Boton donde confirmamos el login ]]
[Test worker] WARN net.thucydides.core.steps.BaseStepListener - stepStarted: net.thucydides.core.steps.ExecutedStepDescription@1a38b69f
[Test worker] WARN net.thucydides.core.steps.BaseStepListener - stepStarted: net.thucydides.core.steps.ExecutedStepDescription@3f58f95c
[Test worker] WARN net.thucydides.core.steps.BaseStepListener - stepStarted: net.thucydides.core.steps.ExecutedStepDescription@11ee64c7
[Test worker] WARN net.thucydides.core.steps.BaseStepListener - stepFinished: current outcome:Search for automation course:Given than brandons wants to learns automation at the academy choucair [Brandon open up [Brandon opens the Choucair academy page], Brandon login [Brandon clicks on Boton que muestra el formulario del login, Brandon enters '1006206400' into Donde escribimos el usuario, Brandon enters 'Choucair2021*' into Donde escribimos la contraseÃ±a, Brandon clicks on Boton donde confirmamos el login ]], When he search for the course Foundation Express on the choucair academy plataform [Brandon search [Brandon clicks on Selecciona la universidad choucair]]
[Test worker] WARN net.thucydides.core.steps.BaseStepListener - stepStarted: net.thucydides.core.steps.ExecutedStepDescription@b6dede4
[Test worker] WARN net.thucydides.core.steps.BaseStepListener - stepFinished: current outcome:Search for automation course:Given than brandons wants to learns automation at the academy choucair [Brandon open up [Brandon opens the Choucair academy page], Brandon login [Brandon clicks on Boton que muestra el formulario del login, Brandon enters '1006206400' into Donde escribimos el usuario, Brandon enters 'Choucair2021*' into Donde escribimos la contraseÃ±a, Brandon clicks on Boton donde confirmamos el login ]], When he search for the course Foundation Express on the choucair academy plataform [Brandon search [Brandon clicks on Selecciona la universidad choucair, Brandon enters 'Foundation Express' into Buscar curso]]
[Test worker] WARN net.thucydides.core.steps.BaseStepListener - stepStarted: net.thucydides.core.steps.ExecutedStepDescription@5ace881a
[Test worker] WARN net.thucydides.core.steps.BaseStepListener - stepFinished: current outcome:Search for automation course:Given than brandons wants to learns automation at the academy choucair [Brandon open up [Brandon opens the Choucair academy page], Brandon login [Brandon clicks on Boton que muestra el formulario del login, Brandon enters '1006206400' into Donde escribimos el usuario, Brandon enters 'Choucair2021*' into Donde escribimos la contraseÃ±a, Brandon clicks on Boton donde confirmamos el login ]], When he search for the course Foundation Express on the choucair academy plataform [Brandon search [Brandon clicks on Selecciona la universidad choucair, Brandon enters 'Foundation Express' into Buscar curso, Brandon clicks on Click para buscar el curso]]
[Test worker] WARN net.thucydides.core.steps.BaseStepListener - stepStarted: net.thucydides.core.steps.ExecutedStepDescription@4689175f
[Test worker] WARN net.thucydides.core.steps.BaseStepListener - stepFinished: current outcome:Search for automation course:Given than brandons wants to learns automation at the academy choucair [Brandon open up [Brandon opens the Choucair academy page], Brandon login [Brandon clicks on Boton que muestra el formulario del login, Brandon enters '1006206400' into Donde escribimos el usuario, Brandon enters 'Choucair2021*' into Donde escribimos la contraseÃ±a, Brandon clicks on Boton donde confirmamos el login ]], When he search for the course Foundation Express on the choucair academy plataform [Brandon search [Brandon clicks on Selecciona la universidad choucair, Brandon enters 'Foundation Express' into Buscar curso, Brandon clicks on Click para buscar el curso, Brandon clicks on Click en el curso]]
[Test worker] WARN net.thucydides.core.steps.BaseStepListener - stepFinished: current outcome:Search for automation course:Given than brandons wants to learns automation at the academy choucair [Brandon open up [Brandon opens the Choucair academy page], Brandon login [Brandon clicks on Boton que muestra el formulario del login, Brandon enters '1006206400' into Donde escribimos el usuario, Brandon enters 'Choucair2021*' into Donde escribimos la contraseÃ±a, Brandon clicks on Boton donde confirmamos el login ]], When he search for the course Foundation Express on the choucair academy plataform [Brandon search [Brandon clicks on Selecciona la universidad choucair, Brandon enters 'Foundation Express' into Buscar curso, Brandon clicks on Click para buscar el curso, Brandon clicks on Click en el curso]]
[Test worker] WARN net.thucydides.core.steps.BaseStepListener - stepFinished: current outcome:Search for automation course:Given than brandons wants to learns automation at the academy choucair [Brandon open up [Brandon opens the Choucair academy page], Brandon login [Brandon clicks on Boton que muestra el formulario del login, Brandon enters '1006206400' into Donde escribimos el usuario, Brandon enters 'Choucair2021*' into Donde escribimos la contraseÃ±a, Brandon clicks on Boton donde confirmamos el login ]], When he search for the course Foundation Express on the choucair academy plataform [Brandon search [Brandon clicks on Selecciona la universidad choucair, Brandon enters 'Foundation Express' into Buscar curso, Brandon clicks on Click para buscar el curso, Brandon clicks on Click en el curso]]
[Test worker] WARN net.thucydides.core.steps.BaseStepListener - stepStarted: net.thucydides.core.steps.ExecutedStepDescription@4495b1f8
[Test worker] WARN net.thucydides.core.steps.BaseStepListener - stepStarted: net.thucydides.core.steps.ExecutedStepDescription@5efbd612
[Test worker] WARN net.thucydides.core.steps.BaseStepListener - stepFinished: current outcome:Search for automation course:Given than brandons wants to learns automation at the academy choucair [Brandon open up [Brandon opens the Choucair academy page], Brandon login [Brandon clicks on Boton que muestra el formulario del login, Brandon enters '1006206400' into Donde escribimos el usuario, Brandon enters 'Choucair2021*' into Donde escribimos la contraseÃ±a, Brandon clicks on Boton donde confirmamos el login ]], When he search for the course Foundation Express on the choucair academy plataform [Brandon search [Brandon clicks on Selecciona la universidad choucair, Brandon enters 'Foundation Express' into Buscar curso, Brandon clicks on Click para buscar el curso, Brandon clicks on Click en el curso]], Then he finds the course called resources Foundation Express [Then answer]
[Test worker] WARN net.thucydides.core.steps.BaseStepListener - stepFinished: current outcome:Search for automation course:Given than brandons wants to learns automation at the academy choucair [Brandon open up [Brandon opens the Choucair academy page], Brandon login [Brandon clicks on Boton que muestra el formulario del login, Brandon enters '1006206400' into Donde escribimos el usuario, Brandon enters 'Choucair2021*' into Donde escribimos la contraseÃ±a, Brandon clicks on Boton donde confirmamos el login ]], When he search for the course Foundation Express on the choucair academy plataform [Brandon search [Brandon clicks on Selecciona la universidad choucair, Brandon enters 'Foundation Express' into Buscar curso, Brandon clicks on Click para buscar el curso, Brandon clicks on Click en el curso]], Then he finds the course called resources Foundation Express [Then answer]
[Test worker] WARN net.thucydides.core.steps.BaseStepListener - testFinished: Search for automation course:Given than brandons wants to learns automation at the academy choucair [Brandon open up [Brandon opens the Choucair academy page], Brandon login [Brandon clicks on Boton que muestra el formulario del login, Brandon enters '1006206400' into Donde escribimos el usuario, Brandon enters 'Choucair2021*' into Donde escribimos la contraseÃ±a, Brandon clicks on Boton donde confirmamos el login ]], When he search for the course Foundation Express on the choucair academy plataform [Brandon search [Brandon clicks on Selecciona la universidad choucair, Brandon enters 'Foundation Express' into Buscar curso, Brandon clicks on Click para buscar el curso, Brandon clicks on Click en el curso]], Then he finds the course called resources Foundation Express [Then answer]
[Test worker] WARN net.thucydides.core.steps.BaseStepListener - TestOutcomes: [Search for automation course:Given than brandons wants to learns automation at the academy choucair [Brandon open up [Brandon opens the Choucair academy page], Brandon login [Brandon clicks on Boton que muestra el formulario del login, Brandon enters '1006206400' into Donde escribimos el usuario, Brandon enters 'Choucair2021*' into Donde escribimos la contraseÃ±a, Brandon clicks on Boton donde confirmamos el login ]], When he search for the course Foundation Express on the choucair academy plataform [Brandon search [Brandon clicks on Selecciona la universidad choucair, Brandon enters 'Foundation Express' into Buscar curso, Brandon clicks on Click para buscar el curso, Brandon clicks on Click en el curso]], Then he finds the course called resources Foundation Express [Then answer]]
[Test worker] WARN net.thucydides.core.steps.BaseStepListener - Final testOutcomes: [Search for automation course:Given than brandons wants to learns automation at the academy choucair [Brandon open up [Brandon opens the Choucair academy page], Brandon login [Brandon clicks on Boton que muestra el formulario del login, Brandon enters '1006206400' into Donde escribimos el usuario, Brandon enters 'Choucair2021*' into Donde escribimos la contraseÃ±a, Brandon clicks on Boton donde confirmamos el login ]], When he search for the course Foundation Express on the choucair academy plataform [Brandon search [Brandon clicks on Selecciona la universidad choucair, Brandon enters 'Foundation Express' into Buscar curso, Brandon clicks on Click para buscar el curso, Brandon clicks on Click en el curso]], Then he finds the course called resources Foundation Express [Then answer]]
[Test worker] INFO net.thucydides.core.steps.ConsoleLoggingListener - 
        __    _____ _____ ____ _____   ____   _    ____  ____  _____ ____  
  _     \ \  |_   _| ____/ ___|_   _| |  _ \ / \  / ___|/ ___|| ____|  _ \ 
 (_)_____| |   | | |  _| \___ \ | |   | |_) / _ \ \___ \\___ \|  _| | | | |
  _|_____| |   | | | |___ ___) || |   |  __/ ___ \ ___) |___) | |___| |_| |
 (_)     | |   |_| |_____|____/ |_|   |_| /_/   \_\____/|____/|_____|____/ 
        /_/                                                                

TEST PASSED: Search for automation course
----------------------------------------------------------------------------
]]></system-err>
</testsuite>
